[debug] [2022-11-09T17:29:50.901Z] ----------------------------------------------------------------------
[debug] [2022-11-09T17:29:50.902Z] Command:       /home/rblaha15/.nvm/versions/node/v16.17.0/bin/node /home/rblaha15/.nvm/versions/node/v16.17.0/bin/firebase init
[debug] [2022-11-09T17:29:50.903Z] CLI Version:   11.16.0
[debug] [2022-11-09T17:29:50.903Z] Platform:      linux
[debug] [2022-11-09T17:29:50.903Z] Node Version:  v16.17.0
[debug] [2022-11-09T17:29:50.903Z] Time:          Wed Nov 09 2022 18:29:50 GMT+0100 (Central European Standard Time)
[debug] [2022-11-09T17:29:50.903Z] ----------------------------------------------------------------------
[debug] 
[debug] [2022-11-09T17:29:50.953Z] > command requires scopes: ["email","openid","https://www.googleapis.com/auth/cloudplatformprojects.readonly","https://www.googleapis.com/auth/firebase","https://www.googleapis.com/auth/cloud-platform"]
[debug] [2022-11-09T17:29:50.954Z] > authorizing via signed-in user (aplikace.regulus@gmail.com)
[info] 
     ######## #### ########  ######## ########     ###     ######  ########
     ##        ##  ##     ## ##       ##     ##  ##   ##  ##       ##
     ######    ##  ########  ######   ########  #########  ######  ######
     ##        ##  ##    ##  ##       ##     ## ##     ##       ## ##
     ##       #### ##     ## ######## ########  ##     ##  ######  ########

You're about to initialize a Firebase project in this directory:

  /home/rblaha15/Web2

Before we get started, keep in mind:

  * You are initializing within an existing Firebase project directory

[info] 
=== Project Setup
[info] 
[info] First, let's associate this project directory with a Firebase project.
[info] You can create multiple project aliases by running firebase use --add, 
[info] but for now we'll just set up a default project.
[info] 
[debug] [2022-11-09T17:29:53.025Z] Using project from CLI flag: evidence-ir
[debug] [2022-11-09T17:29:53.027Z] >>> [apiv2][query] GET https://firebase.googleapis.com/v1beta1/projects/evidence-ir [none]
[debug] [2022-11-09T17:29:53.185Z] <<< [apiv2][status] GET https://firebase.googleapis.com/v1beta1/projects/evidence-ir 401
[debug] [2022-11-09T17:29:53.186Z] <<< [apiv2][body] GET https://firebase.googleapis.com/v1beta1/projects/evidence-ir {"error":{"code":401,"message":"Request had invalid authentication credentials. Expected OAuth 2 access token, login cookie or other valid authentication credential. See https://developers.google.com/identity/sign-in/web/devconsole-project.","status":"UNAUTHENTICATED"}}
[debug] [2022-11-09T17:29:53.186Z] HTTP Error: 401, Request had invalid authentication credentials. Expected OAuth 2 access token, login cookie or other valid authentication credential. See https://developers.google.com/identity/sign-in/web/devconsole-project.
[debug] [2022-11-09T17:29:53.318Z] FirebaseError: HTTP Error: 401, Request had invalid authentication credentials. Expected OAuth 2 access token, login cookie or other valid authentication credential. See https://developers.google.com/identity/sign-in/web/devconsole-project.
    at responseToError (/home/rblaha15/.nvm/versions/node/v16.17.0/lib/node_modules/firebase-tools/lib/responseToError.js:49:12)
    at RetryOperation._fn (/home/rblaha15/.nvm/versions/node/v16.17.0/lib/node_modules/firebase-tools/lib/apiv2.js:288:77)
    at processTicksAndRejections (node:internal/process/task_queues:96:5)
[error] 
[error] Error: Failed to get Firebase project evidence-ir. Please make sure the project exists and your account has permission to access it.
